[
  {
    "line": 2,
    "elements": [
      {
        "line": 4,
        "name": "user searches products with RS Stock No",
        "description": "",
        "id": "user-searches-for-items;user-searches-products-with-rs-stock-no",
        "type": "scenario",
        "keyword": "Scenario",
        "steps": [
          {
            "result": {
              "duration": 9849666161,
              "status": "passed"
            },
            "line": 5,
            "name": "user is on RS Components website landing page",
            "match": {
              "location": "RSHomePageStep.user_is_on_RS_Components_website_landing_page()"
            },
            "keyword": "Given "
          },
          {
            "result": {
              "duration": 6556257478,
              "status": "passed"
            },
            "line": 6,
            "name": "user enters RS Stock No in the quick order text box",
            "match": {
              "location": "QuickSearchStep.user_enters_RS_Stock_No_in_the_quick_order_text_box()"
            },
            "keyword": "Then "
          },
          {
            "result": {
              "duration": 2495152427,
              "status": "passed"
            },
            "line": 7,
            "name": "user clicks on button Add to Basket",
            "match": {
              "location": "QuickSearchStep.user_clicks_on_button_Add_to_Basket()"
            },
            "keyword": "Then "
          },
          {
            "result": {
              "duration": 227043175,
              "status": "passed"
            },
            "line": 8,
            "name": "user should see his item in the basket summary page",
            "match": {
              "location": "QuickSearchStep.user_should_see_his_item_in_the_basket_summary_page()"
            },
            "keyword": "Then "
          }
        ]
      },
      {
        "line": 10,
        "name": "user search for products by applying filters",
        "description": "",
        "id": "user-searches-for-items;user-search-for-products-by-applying-filters",
        "type": "scenario",
        "keyword": "Scenario",
        "steps": [
          {
            "result": {
              "duration": 8577388039,
              "status": "passed"
            },
            "line": 11,
            "name": "user is on RS Components website landing page",
            "match": {
              "location": "RSHomePageStep.user_is_on_RS_Components_website_landing_page()"
            },
            "keyword": "Given "
          },
          {
            "result": {
              "duration": 6586808305,
              "status": "passed"
            },
            "line": 12,
            "name": "user clicks on All Products tab",
            "match": {
              "location": "FilterSearchStep.user_clicks_on_All_Products_tab()"
            },
            "keyword": "Then "
          },
          {
            "result": {
              "duration": 1984360221,
              "status": "passed"
            },
            "line": 13,
            "name": "user selects connectors from the dropdown list",
            "match": {
              "location": "FilterSearchStep.user_selects_connectors_from_the_dropdown_list()"
            },
            "keyword": "Then "
          },
          {
            "result": {
              "duration": 2011653657,
              "status": "passed"
            },
            "line": 14,
            "name": "user clicks on Audio and Video connectors",
            "match": {
              "location": "FilterSearchStep.user_clicks_on_Audio_and_Video_connectors()"
            },
            "keyword": "Then "
          },
          {
            "result": {
              "duration": 1085674618,
              "status": "passed"
            },
            "line": 15,
            "name": "user clicks on HDMI connectors from categories",
            "match": {
              "location": "FilterSearchStep.user_clicks_on_HDMI_connectors_from_categories()"
            },
            "keyword": "Then "
          },
          {
            "result": {
              "duration": 15181420074,
              "error_message": "org.openqa.selenium.TimeoutException: Expected condition failed: waiting for lib.WebDriverLib$1@6d6bc158 (tried for 15 second(s) with 500 MILLISECONDS interval)\r\n\tat org.openqa.selenium.support.ui.WebDriverWait.timeoutException(WebDriverWait.java:82)\r\n\tat org.openqa.selenium.support.ui.FluentWait.until(FluentWait.java:231)\r\n\tat lib.WebDriverLib.waitForElementVisible(WebDriverLib.java:21)\r\n\tat lib.WebDriverLib.selectByElementValue(WebDriverLib.java:68)\r\n\tat pages.FilterSearch.selectBrand(FilterSearch.java:49)\r\n\tat stepDefinations.FilterSearchStep.user_narrows_search_by_applying_filter_based_on_brand(FilterSearchStep.java:29)\r\n\tat ✽.Then user narrows search by applying filter based on brand(search.feature:16)\r\nCaused by: org.openqa.selenium.InvalidSelectorException: Given xpath expression \"//[@id\u003d\u0027filters\u0027]/div/div/rs-facets/a[1]\" is invalid: SyntaxError: The expression is not a legal expression.\nFor documentation on this error, please visit: http://seleniumhq.org/exceptions/invalid_selector_exception.html\nBuild info: version: \u00273.7.1\u0027, revision: \u00278a0099a\u0027, time: \u00272017-11-06T21:01:39.354Z\u0027\nSystem info: host: \u0027DESKTOP-4MEDFTK\u0027, ip: \u0027192.168.0.34\u0027, os.name: \u0027Windows 10\u0027, os.arch: \u0027amd64\u0027, os.version: \u002710.0\u0027, java.version: \u00271.8.0_144\u0027\nDriver info: org.openqa.selenium.firefox.FirefoxDriver\nCapabilities {acceptInsecureCerts: true, browserName: firefox, browserVersion: 54.0, javascriptEnabled: true, moz:accessibilityChecks: false, moz:processID: 2256, moz:profile: C:\\Users\\Vinod\\AppData\\Loca..., pageLoadStrategy: normal, platform: XP, platformName: XP, platformVersion: 10.0, rotatable: false, specificationLevel: 0, timeouts: {implicit: 0, pageLoad: 300000, script: 30000}}\nSession ID: 48eea513-18ec-42ea-bd67-f7a45a401873\n*** Element info: {Using\u003dxpath, value\u003d//[@id\u003d\u0027filters\u0027]/div/div/rs-facets/a[1]}\r\n\tat sun.reflect.GeneratedConstructorAccessor13.newInstance(Unknown Source)\r\n\tat sun.reflect.DelegatingConstructorAccessorImpl.newInstance(DelegatingConstructorAccessorImpl.java:45)\r\n\tat java.lang.reflect.Constructor.newInstance(Constructor.java:423)\r\n\tat org.openqa.selenium.remote.http.W3CHttpResponseCodec.createException(W3CHttpResponseCodec.java:187)\r\n\tat org.openqa.selenium.remote.http.W3CHttpResponseCodec.decode(W3CHttpResponseCodec.java:122)\r\n\tat org.openqa.selenium.remote.http.W3CHttpResponseCodec.decode(W3CHttpResponseCodec.java:49)\r\n\tat org.openqa.selenium.remote.HttpCommandExecutor.execute(HttpCommandExecutor.java:164)\r\n\tat org.openqa.selenium.remote.service.DriverCommandExecutor.execute(DriverCommandExecutor.java:83)\r\n\tat org.openqa.selenium.remote.RemoteWebDriver.execute(RemoteWebDriver.java:600)\r\n\tat org.openqa.selenium.remote.RemoteWebDriver.findElement(RemoteWebDriver.java:370)\r\n\tat org.openqa.selenium.remote.RemoteWebDriver.findElementByXPath(RemoteWebDriver.java:472)\r\n\tat org.openqa.selenium.By$ByXPath.findElement(By.java:361)\r\n\tat org.openqa.selenium.remote.RemoteWebDriver.findElement(RemoteWebDriver.java:362)\r\n\tat org.openqa.selenium.support.pagefactory.DefaultElementLocator.findElement(DefaultElementLocator.java:69)\r\n\tat org.openqa.selenium.support.pagefactory.internal.LocatingElementHandler.invoke(LocatingElementHandler.java:38)\r\n\tat com.sun.proxy.$Proxy14.isDisplayed(Unknown Source)\r\n\tat lib.WebDriverLib$1.apply(WebDriverLib.java:23)\r\n\tat lib.WebDriverLib$1.apply(WebDriverLib.java:21)\r\n\tat org.openqa.selenium.support.ui.FluentWait.until(FluentWait.java:208)\r\n\tat lib.WebDriverLib.waitForElementVisible(WebDriverLib.java:21)\r\n\tat lib.WebDriverLib.selectByElementValue(WebDriverLib.java:68)\r\n\tat pages.FilterSearch.selectBrand(FilterSearch.java:49)\r\n\tat stepDefinations.FilterSearchStep.user_narrows_search_by_applying_filter_based_on_brand(FilterSearchStep.java:29)\r\n\tat sun.reflect.NativeMethodAccessorImpl.invoke0(Native Method)\r\n\tat sun.reflect.NativeMethodAccessorImpl.invoke(NativeMethodAccessorImpl.java:62)\r\n\tat sun.reflect.DelegatingMethodAccessorImpl.invoke(DelegatingMethodAccessorImpl.java:43)\r\n\tat java.lang.reflect.Method.invoke(Method.java:498)\r\n\tat cucumber.runtime.Utils$1.call(Utils.java:40)\r\n\tat cucumber.runtime.Timeout.timeout(Timeout.java:16)\r\n\tat cucumber.runtime.Utils.invoke(Utils.java:34)\r\n\tat cucumber.runtime.java.JavaStepDefinition.execute(JavaStepDefinition.java:38)\r\n\tat cucumber.runtime.StepDefinitionMatch.runStep(StepDefinitionMatch.java:37)\r\n\tat cucumber.runtime.Runtime.runStep(Runtime.java:300)\r\n\tat cucumber.runtime.model.StepContainer.runStep(StepContainer.java:44)\r\n\tat cucumber.runtime.model.StepContainer.runSteps(StepContainer.java:39)\r\n\tat cucumber.runtime.model.CucumberScenario.run(CucumberScenario.java:44)\r\n\tat cucumber.runtime.junit.ExecutionUnitRunner.run(ExecutionUnitRunner.java:102)\r\n\tat cucumber.runtime.junit.FeatureRunner.runChild(FeatureRunner.java:63)\r\n\tat cucumber.runtime.junit.FeatureRunner.runChild(FeatureRunner.java:18)\r\n\tat org.junit.runners.ParentRunner$3.run(ParentRunner.java:238)\r\n\tat org.junit.runners.ParentRunner$1.schedule(ParentRunner.java:63)\r\n\tat org.junit.runners.ParentRunner.runChildren(ParentRunner.java:236)\r\n\tat org.junit.runners.ParentRunner.access$000(ParentRunner.java:53)\r\n\tat org.junit.runners.ParentRunner$2.evaluate(ParentRunner.java:229)\r\n\tat org.junit.runners.ParentRunner.run(ParentRunner.java:309)\r\n\tat cucumber.runtime.junit.FeatureRunner.run(FeatureRunner.java:70)\r\n\tat cucumber.api.junit.Cucumber.runChild(Cucumber.java:95)\r\n\tat cucumber.api.junit.Cucumber.runChild(Cucumber.java:38)\r\n\tat org.junit.runners.ParentRunner$3.run(ParentRunner.java:238)\r\n\tat org.junit.runners.ParentRunner$1.schedule(ParentRunner.java:63)\r\n\tat org.junit.runners.ParentRunner.runChildren(ParentRunner.java:236)\r\n\tat org.junit.runners.ParentRunner.access$000(ParentRunner.java:53)\r\n\tat org.junit.runners.ParentRunner$2.evaluate(ParentRunner.java:229)\r\n\tat org.junit.runners.ParentRunner.run(ParentRunner.java:309)\r\n\tat cucumber.api.junit.Cucumber.run(Cucumber.java:100)\r\n\tat org.junit.runner.JUnitCore.run(JUnitCore.java:160)\r\n\tat com.intellij.junit4.JUnit4IdeaTestRunner.startRunnerWithArgs(JUnit4IdeaTestRunner.java:68)\r\n\tat com.intellij.rt.execution.junit.IdeaTestRunner$Repeater.startRunnerWithArgs(IdeaTestRunner.java:47)\r\n\tat com.intellij.rt.execution.junit.JUnitStarter.prepareStreamsAndStart(JUnitStarter.java:242)\r\n\tat com.intellij.rt.execution.junit.JUnitStarter.main(JUnitStarter.java:70)\r\n",
              "status": "failed"
            },
            "line": 16,
            "name": "user narrows search by applying filter based on brand",
            "match": {
              "location": "FilterSearchStep.user_narrows_search_by_applying_filter_based_on_brand()"
            },
            "keyword": "Then "
          },
          {
            "result": {
              "status": "skipped"
            },
            "line": 17,
            "name": "user selects Molex brand and click apply filters button",
            "match": {
              "location": "FilterSearchStep.user_selects_Molex_brand_and_click_apply_filters_button()"
            },
            "keyword": "Then "
          },
          {
            "result": {
              "status": "skipped"
            },
            "line": 18,
            "name": "user should see products by the applied filters",
            "match": {
              "location": "FilterSearchStep.user_should_see_products_by_the_applied_filters()"
            },
            "keyword": "Then "
          }
        ]
      },
      {
        "line": 20,
        "name": "user enter incorrect data or part numbers",
        "description": "",
        "id": "user-searches-for-items;user-enter-incorrect-data-or-part-numbers",
        "type": "scenario",
        "keyword": "Scenario",
        "steps": [
          {
            "result": {
              "duration": 7125961368,
              "status": "passed"
            },
            "line": 21,
            "name": "user is on RS Components website landing page",
            "match": {
              "location": "RSHomePageStep.user_is_on_RS_Components_website_landing_page()"
            },
            "keyword": "Given "
          },
          {
            "result": {
              "duration": 6459255433,
              "status": "passed"
            },
            "line": 22,
            "name": "user enter part numbers in the search text box",
            "match": {
              "location": "HomePageSearchStep.user_enter_part_numbers_in_the_search_text_box()"
            },
            "keyword": "Then "
          },
          {
            "result": {
              "duration": 30062341628,
              "error_message": "org.openqa.selenium.TimeoutException: Expected condition failed: waiting for lib.WebDriverLib$1@43c67247 (tried for 15 second(s) with 500 MILLISECONDS interval)\r\n\tat org.openqa.selenium.support.ui.WebDriverWait.timeoutException(WebDriverWait.java:82)\r\n\tat org.openqa.selenium.support.ui.FluentWait.until(FluentWait.java:231)\r\n\tat lib.WebDriverLib.waitForElementVisible(WebDriverLib.java:21)\r\n\tat pages.HomePageSearch.searchResult(HomePageSearch.java:27)\r\n\tat stepDefinations.HomePageSearchStep.user_is_returned_with_relevant_product(HomePageSearchStep.java:14)\r\n\tat ✽.Then user is returned with relevant product(search.feature:23)\r\nCaused by: org.openqa.selenium.NoSuchElementException: Unable to locate element: //span[@class\u003d\u0027zrSearchTerm\u0027]\nFor documentation on this error, please visit: http://seleniumhq.org/exceptions/no_such_element.html\nBuild info: version: \u00273.7.1\u0027, revision: \u00278a0099a\u0027, time: \u00272017-11-06T21:01:39.354Z\u0027\nSystem info: host: \u0027DESKTOP-4MEDFTK\u0027, ip: \u0027192.168.0.34\u0027, os.name: \u0027Windows 10\u0027, os.arch: \u0027amd64\u0027, os.version: \u002710.0\u0027, java.version: \u00271.8.0_144\u0027\nDriver info: org.openqa.selenium.firefox.FirefoxDriver\nCapabilities {acceptInsecureCerts: true, browserName: firefox, browserVersion: 54.0, javascriptEnabled: true, moz:accessibilityChecks: false, moz:processID: 1876, moz:profile: C:\\Users\\Vinod\\AppData\\Loca..., pageLoadStrategy: normal, platform: XP, platformName: XP, platformVersion: 10.0, rotatable: false, specificationLevel: 0, timeouts: {implicit: 0, pageLoad: 300000, script: 30000}}\nSession ID: f1a75ad3-85c6-4659-aede-ed07d0e92a8e\n*** Element info: {Using\u003dxpath, value\u003d//span[@class\u003d\u0027zrSearchTerm\u0027]}\r\n\tat sun.reflect.NativeConstructorAccessorImpl.newInstance0(Native Method)\r\n\tat sun.reflect.NativeConstructorAccessorImpl.newInstance(NativeConstructorAccessorImpl.java:62)\r\n\tat sun.reflect.DelegatingConstructorAccessorImpl.newInstance(DelegatingConstructorAccessorImpl.java:45)\r\n\tat java.lang.reflect.Constructor.newInstance(Constructor.java:423)\r\n\tat org.openqa.selenium.remote.http.W3CHttpResponseCodec.createException(W3CHttpResponseCodec.java:187)\r\n\tat org.openqa.selenium.remote.http.W3CHttpResponseCodec.decode(W3CHttpResponseCodec.java:122)\r\n\tat org.openqa.selenium.remote.http.W3CHttpResponseCodec.decode(W3CHttpResponseCodec.java:49)\r\n\tat org.openqa.selenium.remote.HttpCommandExecutor.execute(HttpCommandExecutor.java:164)\r\n\tat org.openqa.selenium.remote.service.DriverCommandExecutor.execute(DriverCommandExecutor.java:83)\r\n\tat org.openqa.selenium.remote.RemoteWebDriver.execute(RemoteWebDriver.java:600)\r\n\tat org.openqa.selenium.remote.RemoteWebDriver.findElement(RemoteWebDriver.java:370)\r\n\tat org.openqa.selenium.remote.RemoteWebDriver.findElementByXPath(RemoteWebDriver.java:472)\r\n\tat org.openqa.selenium.By$ByXPath.findElement(By.java:361)\r\n\tat org.openqa.selenium.remote.RemoteWebDriver.findElement(RemoteWebDriver.java:362)\r\n\tat org.openqa.selenium.support.pagefactory.DefaultElementLocator.findElement(DefaultElementLocator.java:69)\r\n\tat org.openqa.selenium.support.pagefactory.internal.LocatingElementHandler.invoke(LocatingElementHandler.java:38)\r\n\tat com.sun.proxy.$Proxy14.isDisplayed(Unknown Source)\r\n\tat lib.WebDriverLib$1.apply(WebDriverLib.java:23)\r\n\tat lib.WebDriverLib$1.apply(WebDriverLib.java:21)\r\n\tat org.openqa.selenium.support.ui.FluentWait.until(FluentWait.java:208)\r\n\tat lib.WebDriverLib.waitForElementVisible(WebDriverLib.java:21)\r\n\tat pages.HomePageSearch.searchResult(HomePageSearch.java:27)\r\n\tat stepDefinations.HomePageSearchStep.user_is_returned_with_relevant_product(HomePageSearchStep.java:14)\r\n\tat sun.reflect.NativeMethodAccessorImpl.invoke0(Native Method)\r\n\tat sun.reflect.NativeMethodAccessorImpl.invoke(NativeMethodAccessorImpl.java:62)\r\n\tat sun.reflect.DelegatingMethodAccessorImpl.invoke(DelegatingMethodAccessorImpl.java:43)\r\n\tat java.lang.reflect.Method.invoke(Method.java:498)\r\n\tat cucumber.runtime.Utils$1.call(Utils.java:40)\r\n\tat cucumber.runtime.Timeout.timeout(Timeout.java:16)\r\n\tat cucumber.runtime.Utils.invoke(Utils.java:34)\r\n\tat cucumber.runtime.java.JavaStepDefinition.execute(JavaStepDefinition.java:38)\r\n\tat cucumber.runtime.StepDefinitionMatch.runStep(StepDefinitionMatch.java:37)\r\n\tat cucumber.runtime.Runtime.runStep(Runtime.java:300)\r\n\tat cucumber.runtime.model.StepContainer.runStep(StepContainer.java:44)\r\n\tat cucumber.runtime.model.StepContainer.runSteps(StepContainer.java:39)\r\n\tat cucumber.runtime.model.CucumberScenario.run(CucumberScenario.java:44)\r\n\tat cucumber.runtime.junit.ExecutionUnitRunner.run(ExecutionUnitRunner.java:102)\r\n\tat cucumber.runtime.junit.FeatureRunner.runChild(FeatureRunner.java:63)\r\n\tat cucumber.runtime.junit.FeatureRunner.runChild(FeatureRunner.java:18)\r\n\tat org.junit.runners.ParentRunner$3.run(ParentRunner.java:238)\r\n\tat org.junit.runners.ParentRunner$1.schedule(ParentRunner.java:63)\r\n\tat org.junit.runners.ParentRunner.runChildren(ParentRunner.java:236)\r\n\tat org.junit.runners.ParentRunner.access$000(ParentRunner.java:53)\r\n\tat org.junit.runners.ParentRunner$2.evaluate(ParentRunner.java:229)\r\n\tat org.junit.runners.ParentRunner.run(ParentRunner.java:309)\r\n\tat cucumber.runtime.junit.FeatureRunner.run(FeatureRunner.java:70)\r\n\tat cucumber.api.junit.Cucumber.runChild(Cucumber.java:95)\r\n\tat cucumber.api.junit.Cucumber.runChild(Cucumber.java:38)\r\n\tat org.junit.runners.ParentRunner$3.run(ParentRunner.java:238)\r\n\tat org.junit.runners.ParentRunner$1.schedule(ParentRunner.java:63)\r\n\tat org.junit.runners.ParentRunner.runChildren(ParentRunner.java:236)\r\n\tat org.junit.runners.ParentRunner.access$000(ParentRunner.java:53)\r\n\tat org.junit.runners.ParentRunner$2.evaluate(ParentRunner.java:229)\r\n\tat org.junit.runners.ParentRunner.run(ParentRunner.java:309)\r\n\tat cucumber.api.junit.Cucumber.run(Cucumber.java:100)\r\n\tat org.junit.runner.JUnitCore.run(JUnitCore.java:160)\r\n\tat com.intellij.junit4.JUnit4IdeaTestRunner.startRunnerWithArgs(JUnit4IdeaTestRunner.java:68)\r\n\tat com.intellij.rt.execution.junit.IdeaTestRunner$Repeater.startRunnerWithArgs(IdeaTestRunner.java:47)\r\n\tat com.intellij.rt.execution.junit.JUnitStarter.prepareStreamsAndStart(JUnitStarter.java:242)\r\n\tat com.intellij.rt.execution.junit.JUnitStarter.main(JUnitStarter.java:70)\r\n",
              "status": "failed"
            },
            "line": 23,
            "name": "user is returned with relevant product",
            "match": {
              "location": "HomePageSearchStep.user_is_returned_with_relevant_product()"
            },
            "keyword": "Then "
          }
        ]
      }
    ],
    "name": "user searches for items",
    "description": "",
    "id": "user-searches-for-items",
    "keyword": "Feature",
    "uri": "search.feature",
    "tags": [
      {
        "line": 1,
        "name": "@search"
      }
    ]
  }
]